INFO:root:Downloading games for date: 2012/3
DEBUG:urllib3.connectionpool:Starting new HTTPS connection (1): api.chess.com
DEBUG:urllib3.connectionpool:https://api.chess.com:443 "GET /pub/player/alexander30/games/2012/3/pgn HTTP/1.1" 200 7012
DEBUG:root:Adding to file...
DEBUG:root:... done
INFO:root:Downloading games for date: 2012/4
DEBUG:urllib3.connectionpool:Starting new HTTPS connection (1): api.chess.com
DEBUG:urllib3.connectionpool:https://api.chess.com:443 "GET /pub/player/alexander30/games/2012/4/pgn HTTP/1.1" 200 321504
DEBUG:root:Adding to file...
DEBUG:root:... done
INFO:root:Downloading games for date: 2012/3
DEBUG:urllib3.connectionpool:Starting new HTTPS connection (1): api.chess.com
DEBUG:urllib3.connectionpool:https://api.chess.com:443 "GET /pub/player/alexander30/games/2012/3/pgn HTTP/1.1" 200 7012
DEBUG:root:Adding to file...
DEBUG:root:... done
INFO:root:Downloading games for date: 2012/4
DEBUG:urllib3.connectionpool:Starting new HTTPS connection (1): api.chess.com
DEBUG:urllib3.connectionpool:https://api.chess.com:443 "GET /pub/player/alexander30/games/2012/4/pgn HTTP/1.1" 200 321504
DEBUG:root:Adding to file...
DEBUG:root:... done
INFO:root:Downloading games for date: 2012/5
DEBUG:urllib3.connectionpool:Starting new HTTPS connection (1): api.chess.com
DEBUG:urllib3.connectionpool:https://api.chess.com:443 "GET /pub/player/alexander30/games/2012/5/pgn HTTP/1.1" 200 88050
DEBUG:root:Adding to file...
DEBUG:root:... done
INFO:root:Downloading games for date: 2012/6
DEBUG:urllib3.connectionpool:Starting new HTTPS connection (1): api.chess.com
DEBUG:urllib3.connectionpool:https://api.chess.com:443 "GET /pub/player/alexander30/games/2012/6/pgn HTTP/1.1" 200 43367
DEBUG:root:Adding to file...
DEBUG:root:... done
INFO:root:Downloading games for date: 2012/7
DEBUG:urllib3.connectionpool:Starting new HTTPS connection (1): api.chess.com
DEBUG:urllib3.connectionpool:https://api.chess.com:443 "GET /pub/player/alexander30/games/2012/7/pgn HTTP/1.1" 200 10684
DEBUG:root:Adding to file...
DEBUG:root:... done
INFO:root:Downloading games for date: 2012/8
DEBUG:urllib3.connectionpool:Starting new HTTPS connection (1): api.chess.com
DEBUG:urllib3.connectionpool:https://api.chess.com:443 "GET /pub/player/alexander30/games/2012/8/pgn HTTP/1.1" 200 34069
DEBUG:root:Adding to file...
DEBUG:root:... done
INFO:root:Downloading games for date: 2012/9
DEBUG:urllib3.connectionpool:Starting new HTTPS connection (1): api.chess.com
DEBUG:urllib3.connectionpool:https://api.chess.com:443 "GET /pub/player/alexander30/games/2012/9/pgn HTTP/1.1" 200 41554
DEBUG:root:Adding to file...
DEBUG:root:... done
INFO:root:Downloading games for date: 2012/10
DEBUG:urllib3.connectionpool:Starting new HTTPS connection (1): api.chess.com
DEBUG:urllib3.connectionpool:https://api.chess.com:443 "GET /pub/player/alexander30/games/2012/10/pgn HTTP/1.1" 200 160347
DEBUG:root:Adding to file...
DEBUG:root:... done
INFO:root:Downloading games for date: 2012/11
DEBUG:urllib3.connectionpool:Starting new HTTPS connection (1): api.chess.com
DEBUG:urllib3.connectionpool:https://api.chess.com:443 "GET /pub/player/alexander30/games/2012/11/pgn HTTP/1.1" 200 134292
DEBUG:root:Adding to file...
DEBUG:root:... done
INFO:root:Downloading games for date: 2012/12
DEBUG:urllib3.connectionpool:Starting new HTTPS connection (1): api.chess.com
DEBUG:urllib3.connectionpool:https://api.chess.com:443 "GET /pub/player/alexander30/games/2012/12/pgn HTTP/1.1" 200 16821
DEBUG:root:Adding to file...
DEBUG:root:... done
INFO:root:Downloading games for date: 2013/1
DEBUG:urllib3.connectionpool:Starting new HTTPS connection (1): api.chess.com
DEBUG:urllib3.connectionpool:https://api.chess.com:443 "GET /pub/player/alexander30/games/2013/1/pgn HTTP/1.1" 200 16254
DEBUG:root:Adding to file...
DEBUG:root:... done
INFO:root:Downloading games for date: 2013/2
DEBUG:urllib3.connectionpool:Starting new HTTPS connection (1): api.chess.com
DEBUG:urllib3.connectionpool:https://api.chess.com:443 "GET /pub/player/alexander30/games/2013/2/pgn HTTP/1.1" 200 7708
DEBUG:root:Adding to file...
DEBUG:root:... done
INFO:root:Downloading games for date: 2013/3
DEBUG:urllib3.connectionpool:Starting new HTTPS connection (1): api.chess.com
DEBUG:urllib3.connectionpool:https://api.chess.com:443 "GET /pub/player/alexander30/games/2013/3/pgn HTTP/1.1" 200 4775
DEBUG:root:Adding to file...
DEBUG:root:... done
INFO:root:Downloading games for date: 2013/4
DEBUG:urllib3.connectionpool:Starting new HTTPS connection (1): api.chess.com
DEBUG:urllib3.connectionpool:https://api.chess.com:443 "GET /pub/player/alexander30/games/2013/4/pgn HTTP/1.1" 200 3309
DEBUG:root:Adding to file...
DEBUG:root:... done
INFO:root:Downloading games for date: 2013/5
DEBUG:urllib3.connectionpool:Starting new HTTPS connection (1): api.chess.com
DEBUG:urllib3.connectionpool:https://api.chess.com:443 "GET /pub/player/alexander30/games/2013/5/pgn HTTP/1.1" 200 1089
DEBUG:root:Adding to file...
DEBUG:root:... done
INFO:root:Downloading games for date: 2013/6
DEBUG:urllib3.connectionpool:Starting new HTTPS connection (1): api.chess.com
DEBUG:urllib3.connectionpool:https://api.chess.com:443 "GET /pub/player/alexander30/games/2013/6/pgn HTTP/1.1" 200 3393
DEBUG:root:Adding to file...
DEBUG:root:... done
INFO:root:Downloading games for date: 2013/7
DEBUG:urllib3.connectionpool:Starting new HTTPS connection (1): api.chess.com
DEBUG:urllib3.connectionpool:https://api.chess.com:443 "GET /pub/player/alexander30/games/2013/7/pgn HTTP/1.1" 200 4317
DEBUG:root:Adding to file...
DEBUG:root:... done
INFO:root:Downloading games for date: 2013/8
DEBUG:urllib3.connectionpool:Starting new HTTPS connection (1): api.chess.com
DEBUG:urllib3.connectionpool:https://api.chess.com:443 "GET /pub/player/alexander30/games/2013/8/pgn HTTP/1.1" 200 1960
DEBUG:root:Adding to file...
DEBUG:root:... done
INFO:root:Downloading games for date: 2013/9
DEBUG:urllib3.connectionpool:Starting new HTTPS connection (1): api.chess.com
DEBUG:urllib3.connectionpool:https://api.chess.com:443 "GET /pub/player/alexander30/games/2013/9/pgn HTTP/1.1" 200 2435
DEBUG:root:Adding to file...
DEBUG:root:... done
INFO:root:Downloading games for date: 2013/10
DEBUG:urllib3.connectionpool:Starting new HTTPS connection (1): api.chess.com
DEBUG:urllib3.connectionpool:https://api.chess.com:443 "GET /pub/player/alexander30/games/2013/10/pgn HTTP/1.1" 200 None
DEBUG:root:Adding to file...
DEBUG:root:... done
INFO:root:Downloading games for date: 2013/11
DEBUG:urllib3.connectionpool:Starting new HTTPS connection (1): api.chess.com
DEBUG:urllib3.connectionpool:https://api.chess.com:443 "GET /pub/player/alexander30/games/2013/11/pgn HTTP/1.1" 200 2684
DEBUG:root:Adding to file...
DEBUG:root:... done
INFO:root:Downloading games for date: 2013/12
DEBUG:urllib3.connectionpool:Starting new HTTPS connection (1): api.chess.com
DEBUG:urllib3.connectionpool:https://api.chess.com:443 "GET /pub/player/alexander30/games/2013/12/pgn HTTP/1.1" 200 None
DEBUG:root:Adding to file...
DEBUG:root:... done
INFO:root:Downloading games for date: 2014/1
DEBUG:urllib3.connectionpool:Starting new HTTPS connection (1): api.chess.com
DEBUG:urllib3.connectionpool:https://api.chess.com:443 "GET /pub/player/alexander30/games/2014/1/pgn HTTP/1.1" 200 None
DEBUG:root:Adding to file...
DEBUG:root:... done
INFO:root:Downloading games for date: 2014/2
DEBUG:urllib3.connectionpool:Starting new HTTPS connection (1): api.chess.com
DEBUG:urllib3.connectionpool:https://api.chess.com:443 "GET /pub/player/alexander30/games/2014/2/pgn HTTP/1.1" 200 2220
DEBUG:root:Adding to file...
DEBUG:root:... done
INFO:root:Downloading games for date: 2014/3
DEBUG:urllib3.connectionpool:Starting new HTTPS connection (1): api.chess.com
DEBUG:urllib3.connectionpool:https://api.chess.com:443 "GET /pub/player/alexander30/games/2014/3/pgn HTTP/1.1" 200 6230
DEBUG:root:Adding to file...
DEBUG:root:... done
INFO:root:Downloading games for date: 2014/4
DEBUG:urllib3.connectionpool:Starting new HTTPS connection (1): api.chess.com
DEBUG:urllib3.connectionpool:https://api.chess.com:443 "GET /pub/player/alexander30/games/2014/4/pgn HTTP/1.1" 200 None
DEBUG:root:Adding to file...
DEBUG:root:... done
INFO:root:Downloading games for date: 2014/5
DEBUG:urllib3.connectionpool:Starting new HTTPS connection (1): api.chess.com
DEBUG:urllib3.connectionpool:https://api.chess.com:443 "GET /pub/player/alexander30/games/2014/5/pgn HTTP/1.1" 200 1875
DEBUG:root:Adding to file...
DEBUG:root:... done
INFO:root:Downloading games for date: 2014/6
DEBUG:urllib3.connectionpool:Starting new HTTPS connection (1): api.chess.com
DEBUG:urllib3.connectionpool:https://api.chess.com:443 "GET /pub/player/alexander30/games/2014/6/pgn HTTP/1.1" 200 None
DEBUG:root:Adding to file...
DEBUG:root:... done
INFO:root:Downloading games for date: 2014/7
DEBUG:urllib3.connectionpool:Starting new HTTPS connection (1): api.chess.com
DEBUG:urllib3.connectionpool:https://api.chess.com:443 "GET /pub/player/alexander30/games/2014/7/pgn HTTP/1.1" 200 18688
DEBUG:root:Adding to file...
DEBUG:root:... done
INFO:root:Downloading games for date: 2014/8
DEBUG:urllib3.connectionpool:Starting new HTTPS connection (1): api.chess.com
DEBUG:urllib3.connectionpool:https://api.chess.com:443 "GET /pub/player/alexander30/games/2014/8/pgn HTTP/1.1" 200 36035
DEBUG:root:Adding to file...
DEBUG:root:... done
INFO:root:Downloading games for date: 2014/9
DEBUG:urllib3.connectionpool:Starting new HTTPS connection (1): api.chess.com
DEBUG:urllib3.connectionpool:https://api.chess.com:443 "GET /pub/player/alexander30/games/2014/9/pgn HTTP/1.1" 200 None
DEBUG:root:Adding to file...
DEBUG:root:... done
INFO:root:Downloading games for date: 2014/10
DEBUG:urllib3.connectionpool:Starting new HTTPS connection (1): api.chess.com
DEBUG:urllib3.connectionpool:https://api.chess.com:443 "GET /pub/player/alexander30/games/2014/10/pgn HTTP/1.1" 200 910
DEBUG:root:Adding to file...
DEBUG:root:... done
INFO:root:Downloading games for date: 2014/11
DEBUG:urllib3.connectionpool:Starting new HTTPS connection (1): api.chess.com
DEBUG:urllib3.connectionpool:https://api.chess.com:443 "GET /pub/player/alexander30/games/2014/11/pgn HTTP/1.1" 200 None
DEBUG:root:Adding to file...
DEBUG:root:... done
INFO:root:Downloading games for date: 2014/12
DEBUG:urllib3.connectionpool:Starting new HTTPS connection (1): api.chess.com
DEBUG:urllib3.connectionpool:https://api.chess.com:443 "GET /pub/player/alexander30/games/2014/12/pgn HTTP/1.1" 200 1549
DEBUG:root:Adding to file...
DEBUG:root:... done
INFO:root:Downloading games for date: 2015/1
DEBUG:urllib3.connectionpool:Starting new HTTPS connection (1): api.chess.com
DEBUG:urllib3.connectionpool:https://api.chess.com:443 "GET /pub/player/alexander30/games/2015/1/pgn HTTP/1.1" 200 2519
DEBUG:root:Adding to file...
DEBUG:root:... done
INFO:root:Downloading games for date: 2015/2
DEBUG:urllib3.connectionpool:Starting new HTTPS connection (1): api.chess.com
DEBUG:urllib3.connectionpool:https://api.chess.com:443 "GET /pub/player/alexander30/games/2015/2/pgn HTTP/1.1" 200 76372
DEBUG:root:Adding to file...
DEBUG:root:... done
INFO:root:Downloading games for date: 2015/3
DEBUG:urllib3.connectionpool:Starting new HTTPS connection (1): api.chess.com
DEBUG:urllib3.connectionpool:https://api.chess.com:443 "GET /pub/player/alexander30/games/2015/3/pgn HTTP/1.1" 200 2824
DEBUG:root:Adding to file...
DEBUG:root:... done
INFO:root:Downloading games for date: 2015/4
DEBUG:urllib3.connectionpool:Starting new HTTPS connection (1): api.chess.com
DEBUG:urllib3.connectionpool:https://api.chess.com:443 "GET /pub/player/alexander30/games/2015/4/pgn HTTP/1.1" 200 9218
DEBUG:root:Adding to file...
DEBUG:root:... done
INFO:root:Downloading games for date: 2015/5
DEBUG:urllib3.connectionpool:Starting new HTTPS connection (1): api.chess.com
DEBUG:urllib3.connectionpool:https://api.chess.com:443 "GET /pub/player/alexander30/games/2015/5/pgn HTTP/1.1" 200 None
DEBUG:root:Adding to file...
DEBUG:root:... done
INFO:root:Downloading games for date: 2015/6
DEBUG:urllib3.connectionpool:Starting new HTTPS connection (1): api.chess.com
DEBUG:urllib3.connectionpool:https://api.chess.com:443 "GET /pub/player/alexander30/games/2015/6/pgn HTTP/1.1" 200 2181
DEBUG:root:Adding to file...
DEBUG:root:... done
INFO:root:Downloading games for date: 2015/7
DEBUG:urllib3.connectionpool:Starting new HTTPS connection (1): api.chess.com
DEBUG:urllib3.connectionpool:https://api.chess.com:443 "GET /pub/player/alexander30/games/2015/7/pgn HTTP/1.1" 200 None
DEBUG:root:Adding to file...
DEBUG:root:... done
INFO:root:Downloading games for date: 2015/8
DEBUG:urllib3.connectionpool:Starting new HTTPS connection (1): api.chess.com
DEBUG:urllib3.connectionpool:https://api.chess.com:443 "GET /pub/player/alexander30/games/2015/8/pgn HTTP/1.1" 200 926
DEBUG:root:Adding to file...
DEBUG:root:... done
INFO:root:Downloading games for date: 2015/9
DEBUG:urllib3.connectionpool:Starting new HTTPS connection (1): api.chess.com
DEBUG:urllib3.connectionpool:https://api.chess.com:443 "GET /pub/player/alexander30/games/2015/9/pgn HTTP/1.1" 200 9714
DEBUG:root:Adding to file...
DEBUG:root:... done
INFO:root:Downloading games for date: 2015/10
DEBUG:urllib3.connectionpool:Starting new HTTPS connection (1): api.chess.com
DEBUG:urllib3.connectionpool:https://api.chess.com:443 "GET /pub/player/alexander30/games/2015/10/pgn HTTP/1.1" 200 30229
DEBUG:root:Adding to file...
DEBUG:root:... done
INFO:root:Downloading games for date: 2015/11
DEBUG:urllib3.connectionpool:Starting new HTTPS connection (1): api.chess.com
DEBUG:urllib3.connectionpool:https://api.chess.com:443 "GET /pub/player/alexander30/games/2015/11/pgn HTTP/1.1" 200 3635
DEBUG:root:Adding to file...
DEBUG:root:... done
INFO:root:Downloading games for date: 2015/12
DEBUG:urllib3.connectionpool:Starting new HTTPS connection (1): api.chess.com
DEBUG:urllib3.connectionpool:https://api.chess.com:443 "GET /pub/player/alexander30/games/2015/12/pgn HTTP/1.1" 200 691
DEBUG:root:Adding to file...
DEBUG:root:... done
INFO:root:Downloading games for date: 2016/1
DEBUG:urllib3.connectionpool:Starting new HTTPS connection (1): api.chess.com
DEBUG:urllib3.connectionpool:https://api.chess.com:443 "GET /pub/player/alexander30/games/2016/1/pgn HTTP/1.1" 200 893
DEBUG:root:Adding to file...
DEBUG:root:... done
INFO:root:Downloading games for date: 2016/2
DEBUG:urllib3.connectionpool:Starting new HTTPS connection (1): api.chess.com
DEBUG:urllib3.connectionpool:https://api.chess.com:443 "GET /pub/player/alexander30/games/2016/2/pgn HTTP/1.1" 200 5092
DEBUG:root:Adding to file...
DEBUG:root:... done
INFO:root:Downloading games for date: 2016/3
DEBUG:urllib3.connectionpool:Starting new HTTPS connection (1): api.chess.com
DEBUG:urllib3.connectionpool:https://api.chess.com:443 "GET /pub/player/alexander30/games/2016/3/pgn HTTP/1.1" 200 None
DEBUG:root:Adding to file...
DEBUG:root:... done
INFO:root:Downloading games for date: 2016/4
DEBUG:urllib3.connectionpool:Starting new HTTPS connection (1): api.chess.com
DEBUG:urllib3.connectionpool:https://api.chess.com:443 "GET /pub/player/alexander30/games/2016/4/pgn HTTP/1.1" 200 None
DEBUG:root:Adding to file...
DEBUG:root:... done
INFO:root:Downloading games for date: 2016/5
DEBUG:urllib3.connectionpool:Starting new HTTPS connection (1): api.chess.com
DEBUG:urllib3.connectionpool:https://api.chess.com:443 "GET /pub/player/alexander30/games/2016/5/pgn HTTP/1.1" 200 2772
DEBUG:root:Adding to file...
DEBUG:root:... done
INFO:root:Downloading games for date: 2016/6
DEBUG:urllib3.connectionpool:Starting new HTTPS connection (1): api.chess.com
DEBUG:urllib3.connectionpool:https://api.chess.com:443 "GET /pub/player/alexander30/games/2016/6/pgn HTTP/1.1" 200 None
DEBUG:root:Adding to file...
DEBUG:root:... done
INFO:root:Downloading games for date: 2016/7
DEBUG:urllib3.connectionpool:Starting new HTTPS connection (1): api.chess.com
DEBUG:urllib3.connectionpool:https://api.chess.com:443 "GET /pub/player/alexander30/games/2016/7/pgn HTTP/1.1" 200 None
DEBUG:root:Adding to file...
DEBUG:root:... done
INFO:root:Downloading games for date: 2016/8
DEBUG:urllib3.connectionpool:Starting new HTTPS connection (1): api.chess.com
DEBUG:urllib3.connectionpool:https://api.chess.com:443 "GET /pub/player/alexander30/games/2016/8/pgn HTTP/1.1" 200 None
DEBUG:root:Adding to file...
DEBUG:root:... done
INFO:root:Downloading games for date: 2016/9
DEBUG:urllib3.connectionpool:Starting new HTTPS connection (1): api.chess.com
DEBUG:urllib3.connectionpool:https://api.chess.com:443 "GET /pub/player/alexander30/games/2016/9/pgn HTTP/1.1" 200 None
DEBUG:root:Adding to file...
DEBUG:root:... done
INFO:root:Downloading games for date: 2016/10
DEBUG:urllib3.connectionpool:Starting new HTTPS connection (1): api.chess.com
DEBUG:urllib3.connectionpool:https://api.chess.com:443 "GET /pub/player/alexander30/games/2016/10/pgn HTTP/1.1" 200 None
DEBUG:root:Adding to file...
DEBUG:root:... done
INFO:root:Downloading games for date: 2016/11
DEBUG:urllib3.connectionpool:Starting new HTTPS connection (1): api.chess.com
DEBUG:urllib3.connectionpool:https://api.chess.com:443 "GET /pub/player/alexander30/games/2016/11/pgn HTTP/1.1" 200 None
DEBUG:root:Adding to file...
DEBUG:root:... done
INFO:root:Downloading games for date: 2016/12
DEBUG:urllib3.connectionpool:Starting new HTTPS connection (1): api.chess.com
DEBUG:urllib3.connectionpool:https://api.chess.com:443 "GET /pub/player/alexander30/games/2016/12/pgn HTTP/1.1" 200 3941
DEBUG:root:Adding to file...
DEBUG:root:... done
INFO:root:Downloading games for date: 2017/1
DEBUG:urllib3.connectionpool:Starting new HTTPS connection (1): api.chess.com
DEBUG:urllib3.connectionpool:https://api.chess.com:443 "GET /pub/player/alexander30/games/2017/1/pgn HTTP/1.1" 200 None
DEBUG:root:Adding to file...
DEBUG:root:... done
INFO:root:Downloading games for date: 2017/2
DEBUG:urllib3.connectionpool:Starting new HTTPS connection (1): api.chess.com
DEBUG:urllib3.connectionpool:https://api.chess.com:443 "GET /pub/player/alexander30/games/2017/2/pgn HTTP/1.1" 200 None
DEBUG:root:Adding to file...
DEBUG:root:... done
INFO:root:Downloading games for date: 2017/3
DEBUG:urllib3.connectionpool:Starting new HTTPS connection (1): api.chess.com
DEBUG:urllib3.connectionpool:https://api.chess.com:443 "GET /pub/player/alexander30/games/2017/3/pgn HTTP/1.1" 200 None
DEBUG:root:Adding to file...
DEBUG:root:... done
INFO:root:Downloading games for date: 2017/4
DEBUG:urllib3.connectionpool:Starting new HTTPS connection (1): api.chess.com
DEBUG:urllib3.connectionpool:https://api.chess.com:443 "GET /pub/player/alexander30/games/2017/4/pgn HTTP/1.1" 200 682
DEBUG:root:Adding to file...
DEBUG:root:... done
INFO:root:Downloading games for date: 2017/5
DEBUG:urllib3.connectionpool:Starting new HTTPS connection (1): api.chess.com
DEBUG:urllib3.connectionpool:https://api.chess.com:443 "GET /pub/player/alexander30/games/2017/5/pgn HTTP/1.1" 200 14755
DEBUG:root:Adding to file...
DEBUG:root:... done
INFO:root:Downloading games for date: 2017/6
DEBUG:urllib3.connectionpool:Starting new HTTPS connection (1): api.chess.com
DEBUG:urllib3.connectionpool:https://api.chess.com:443 "GET /pub/player/alexander30/games/2017/6/pgn HTTP/1.1" 200 613721
DEBUG:root:Adding to file...
DEBUG:root:... done
INFO:root:Downloading games for date: 2017/7
DEBUG:urllib3.connectionpool:Starting new HTTPS connection (1): api.chess.com
DEBUG:urllib3.connectionpool:https://api.chess.com:443 "GET /pub/player/alexander30/games/2017/7/pgn HTTP/1.1" 200 216990
DEBUG:root:Adding to file...
DEBUG:root:... done
INFO:root:Downloading games for date: 2017/8
DEBUG:urllib3.connectionpool:Starting new HTTPS connection (1): api.chess.com
DEBUG:urllib3.connectionpool:https://api.chess.com:443 "GET /pub/player/alexander30/games/2017/8/pgn HTTP/1.1" 200 56306
DEBUG:root:Adding to file...
DEBUG:root:... done
INFO:root:Downloading games for date: 2017/9
DEBUG:urllib3.connectionpool:Starting new HTTPS connection (1): api.chess.com
DEBUG:urllib3.connectionpool:https://api.chess.com:443 "GET /pub/player/alexander30/games/2017/9/pgn HTTP/1.1" 200 19400
DEBUG:root:Adding to file...
DEBUG:root:... done
INFO:root:Downloading games for date: 2017/10
DEBUG:urllib3.connectionpool:Starting new HTTPS connection (1): api.chess.com
DEBUG:urllib3.connectionpool:https://api.chess.com:443 "GET /pub/player/alexander30/games/2017/10/pgn HTTP/1.1" 200 42146
DEBUG:root:Adding to file...
DEBUG:root:... done
INFO:root:Downloading games for date: 2017/11
DEBUG:urllib3.connectionpool:Starting new HTTPS connection (1): api.chess.com
DEBUG:urllib3.connectionpool:https://api.chess.com:443 "GET /pub/player/alexander30/games/2017/11/pgn HTTP/1.1" 200 12095
DEBUG:root:Adding to file...
DEBUG:root:... done
INFO:root:Downloading games for date: 2017/12
DEBUG:urllib3.connectionpool:Starting new HTTPS connection (1): api.chess.com
DEBUG:urllib3.connectionpool:https://api.chess.com:443 "GET /pub/player/alexander30/games/2017/12/pgn HTTP/1.1" 200 None
DEBUG:root:Adding to file...
DEBUG:root:... done
INFO:root:Downloading games for date: 2018/1
DEBUG:urllib3.connectionpool:Starting new HTTPS connection (1): api.chess.com
DEBUG:urllib3.connectionpool:https://api.chess.com:443 "GET /pub/player/alexander30/games/2018/1/pgn HTTP/1.1" 200 None
DEBUG:root:Adding to file...
DEBUG:root:... done
INFO:root:Downloading games for date: 2018/2
DEBUG:urllib3.connectionpool:Starting new HTTPS connection (1): api.chess.com
DEBUG:urllib3.connectionpool:https://api.chess.com:443 "GET /pub/player/alexander30/games/2018/2/pgn HTTP/1.1" 200 1820
DEBUG:root:Adding to file...
DEBUG:root:... done
INFO:root:Downloading games for date: 2018/3
DEBUG:urllib3.connectionpool:Starting new HTTPS connection (1): api.chess.com
DEBUG:urllib3.connectionpool:https://api.chess.com:443 "GET /pub/player/alexander30/games/2018/3/pgn HTTP/1.1" 200 None
DEBUG:root:Adding to file...
DEBUG:root:... done
INFO:root:Downloading games for date: 2018/4
DEBUG:urllib3.connectionpool:Starting new HTTPS connection (1): api.chess.com
DEBUG:urllib3.connectionpool:https://api.chess.com:443 "GET /pub/player/alexander30/games/2018/4/pgn HTTP/1.1" 200 2175
DEBUG:root:Adding to file...
DEBUG:root:... done
INFO:root:Downloading games for date: 2018/5
DEBUG:urllib3.connectionpool:Starting new HTTPS connection (1): api.chess.com
DEBUG:urllib3.connectionpool:https://api.chess.com:443 "GET /pub/player/alexander30/games/2018/5/pgn HTTP/1.1" 200 None
DEBUG:root:Adding to file...
DEBUG:root:... done
INFO:root:Downloading games for date: 2018/6
DEBUG:urllib3.connectionpool:Starting new HTTPS connection (1): api.chess.com
DEBUG:urllib3.connectionpool:https://api.chess.com:443 "GET /pub/player/alexander30/games/2018/6/pgn HTTP/1.1" 200 None
DEBUG:root:Adding to file...
DEBUG:root:... done
INFO:root:Downloading games for date: 2018/7
DEBUG:urllib3.connectionpool:Starting new HTTPS connection (1): api.chess.com
DEBUG:urllib3.connectionpool:https://api.chess.com:443 "GET /pub/player/alexander30/games/2018/7/pgn HTTP/1.1" 200 None
DEBUG:root:Adding to file...
DEBUG:root:... done
INFO:root:Downloading games for date: 2018/8
DEBUG:urllib3.connectionpool:Starting new HTTPS connection (1): api.chess.com
DEBUG:urllib3.connectionpool:https://api.chess.com:443 "GET /pub/player/alexander30/games/2018/8/pgn HTTP/1.1" 200 None
DEBUG:root:Adding to file...
DEBUG:root:... done
INFO:root:Downloading games for date: 2018/9
DEBUG:urllib3.connectionpool:Starting new HTTPS connection (1): api.chess.com
DEBUG:urllib3.connectionpool:https://api.chess.com:443 "GET /pub/player/alexander30/games/2018/9/pgn HTTP/1.1" 200 66111
DEBUG:root:Adding to file...
DEBUG:root:... done
INFO:root:Downloading games for date: 2018/10
DEBUG:urllib3.connectionpool:Starting new HTTPS connection (1): api.chess.com
DEBUG:urllib3.connectionpool:https://api.chess.com:443 "GET /pub/player/alexander30/games/2018/10/pgn HTTP/1.1" 200 117306
DEBUG:root:Adding to file...
DEBUG:root:... done
INFO:root:Downloading games for date: 2018/11
DEBUG:urllib3.connectionpool:Starting new HTTPS connection (1): api.chess.com
DEBUG:urllib3.connectionpool:https://api.chess.com:443 "GET /pub/player/alexander30/games/2018/11/pgn HTTP/1.1" 200 15204
DEBUG:root:Adding to file...
DEBUG:root:... done
INFO:root:Downloading games for date: 2018/12
DEBUG:urllib3.connectionpool:Starting new HTTPS connection (1): api.chess.com
DEBUG:urllib3.connectionpool:https://api.chess.com:443 "GET /pub/player/alexander30/games/2018/12/pgn HTTP/1.1" 200 115632
DEBUG:root:Adding to file...
DEBUG:root:... done
INFO:root:Downloading games for date: 2019/1
DEBUG:urllib3.connectionpool:Starting new HTTPS connection (1): api.chess.com
DEBUG:urllib3.connectionpool:https://api.chess.com:443 "GET /pub/player/alexander30/games/2019/1/pgn HTTP/1.1" 200 306409
DEBUG:root:Adding to file...
DEBUG:root:... done
INFO:root:Downloading games for date: 2019/2
DEBUG:urllib3.connectionpool:Starting new HTTPS connection (1): api.chess.com
DEBUG:urllib3.connectionpool:https://api.chess.com:443 "GET /pub/player/alexander30/games/2019/2/pgn HTTP/1.1" 200 35707
DEBUG:root:Adding to file...
DEBUG:root:... done
INFO:root:Downloading games for date: 2019/3
DEBUG:urllib3.connectionpool:Starting new HTTPS connection (1): api.chess.com
DEBUG:urllib3.connectionpool:https://api.chess.com:443 "GET /pub/player/alexander30/games/2019/3/pgn HTTP/1.1" 200 17444
DEBUG:root:Adding to file...
DEBUG:root:... done
INFO:root:Downloading games for date: 2019/4
DEBUG:urllib3.connectionpool:Starting new HTTPS connection (1): api.chess.com
DEBUG:urllib3.connectionpool:https://api.chess.com:443 "GET /pub/player/alexander30/games/2019/4/pgn HTTP/1.1" 200 7226
DEBUG:root:Adding to file...
DEBUG:root:... done
INFO:root:Downloading games for date: 2019/5
DEBUG:urllib3.connectionpool:Starting new HTTPS connection (1): api.chess.com
DEBUG:urllib3.connectionpool:https://api.chess.com:443 "GET /pub/player/alexander30/games/2019/5/pgn HTTP/1.1" 200 28793
DEBUG:root:Adding to file...
DEBUG:root:... done
INFO:root:Downloading games for date: 2019/6
DEBUG:urllib3.connectionpool:Starting new HTTPS connection (1): api.chess.com
DEBUG:urllib3.connectionpool:https://api.chess.com:443 "GET /pub/player/alexander30/games/2019/6/pgn HTTP/1.1" 200 15295
DEBUG:root:Adding to file...
DEBUG:root:... done
INFO:root:Downloading games for date: 2019/7
DEBUG:urllib3.connectionpool:Starting new HTTPS connection (1): api.chess.com
DEBUG:urllib3.connectionpool:https://api.chess.com:443 "GET /pub/player/alexander30/games/2019/7/pgn HTTP/1.1" 200 77093
DEBUG:root:Adding to file...
DEBUG:root:... done
INFO:root:Downloading games for date: 2019/8
DEBUG:urllib3.connectionpool:Starting new HTTPS connection (1): api.chess.com
DEBUG:urllib3.connectionpool:https://api.chess.com:443 "GET /pub/player/alexander30/games/2019/8/pgn HTTP/1.1" 200 113631
DEBUG:root:Adding to file...
DEBUG:root:... done
INFO:root:Downloading games for date: 2019/9
DEBUG:urllib3.connectionpool:Starting new HTTPS connection (1): api.chess.com
DEBUG:urllib3.connectionpool:https://api.chess.com:443 "GET /pub/player/alexander30/games/2019/9/pgn HTTP/1.1" 200 29524
DEBUG:root:Adding to file...
DEBUG:root:... done
INFO:root:Downloading games for date: 2019/10
DEBUG:urllib3.connectionpool:Starting new HTTPS connection (1): api.chess.com
DEBUG:urllib3.connectionpool:https://api.chess.com:443 "GET /pub/player/alexander30/games/2019/10/pgn HTTP/1.1" 200 29549
DEBUG:root:Adding to file...
DEBUG:root:... done
INFO:root:Downloading games for date: 2019/11
DEBUG:urllib3.connectionpool:Starting new HTTPS connection (1): api.chess.com
DEBUG:urllib3.connectionpool:https://api.chess.com:443 "GET /pub/player/alexander30/games/2019/11/pgn HTTP/1.1" 200 33508
DEBUG:root:Adding to file...
DEBUG:root:... done
INFO:root:Downloading games for date: 2019/12
DEBUG:urllib3.connectionpool:Starting new HTTPS connection (1): api.chess.com
DEBUG:urllib3.connectionpool:https://api.chess.com:443 "GET /pub/player/alexander30/games/2019/12/pgn HTTP/1.1" 200 19792
DEBUG:root:Adding to file...
DEBUG:root:... done
INFO:root:Downloading games for date: 2020/1
DEBUG:urllib3.connectionpool:Starting new HTTPS connection (1): api.chess.com
DEBUG:urllib3.connectionpool:https://api.chess.com:443 "GET /pub/player/alexander30/games/2020/1/pgn HTTP/1.1" 200 47605
DEBUG:root:Adding to file...
DEBUG:root:... done
INFO:root:Downloading games for date: 2020/2
DEBUG:urllib3.connectionpool:Starting new HTTPS connection (1): api.chess.com
DEBUG:urllib3.connectionpool:https://api.chess.com:443 "GET /pub/player/alexander30/games/2020/2/pgn HTTP/1.1" 200 None
DEBUG:root:Adding to file...
DEBUG:root:... done
INFO:root:Downloading games for date: 2020/3
DEBUG:urllib3.connectionpool:Starting new HTTPS connection (1): api.chess.com
DEBUG:urllib3.connectionpool:https://api.chess.com:443 "GET /pub/player/alexander30/games/2020/3/pgn HTTP/1.1" 200 19129
DEBUG:root:Adding to file...
DEBUG:root:... done
INFO:root:Downloading games for date: 2020/4
DEBUG:urllib3.connectionpool:Starting new HTTPS connection (1): api.chess.com
DEBUG:urllib3.connectionpool:https://api.chess.com:443 "GET /pub/player/alexander30/games/2020/4/pgn HTTP/1.1" 200 3779
DEBUG:root:Adding to file...
DEBUG:root:... done
INFO:root:Downloading games for date: 2020/5
DEBUG:urllib3.connectionpool:Starting new HTTPS connection (1): api.chess.com
DEBUG:urllib3.connectionpool:https://api.chess.com:443 "GET /pub/player/alexander30/games/2020/5/pgn HTTP/1.1" 200 4508
DEBUG:root:Adding to file...
DEBUG:root:... done
INFO:root:Downloading games for date: 2020/6
DEBUG:urllib3.connectionpool:Starting new HTTPS connection (1): api.chess.com
DEBUG:urllib3.connectionpool:https://api.chess.com:443 "GET /pub/player/alexander30/games/2020/6/pgn HTTP/1.1" 200 3071
DEBUG:root:Adding to file...
DEBUG:root:... done
INFO:root:Downloading games for date: 2020/7
DEBUG:urllib3.connectionpool:Starting new HTTPS connection (1): api.chess.com
DEBUG:urllib3.connectionpool:https://api.chess.com:443 "GET /pub/player/alexander30/games/2020/7/pgn HTTP/1.1" 200 270026
DEBUG:root:Adding to file...
DEBUG:root:... done
INFO:root:Downloading games for date: 2020/8
DEBUG:urllib3.connectionpool:Starting new HTTPS connection (1): api.chess.com
DEBUG:urllib3.connectionpool:https://api.chess.com:443 "GET /pub/player/alexander30/games/2020/8/pgn HTTP/1.1" 200 107748
DEBUG:root:Adding to file...
DEBUG:root:... done
INFO:root:Downloading games for date: 2020/9
DEBUG:urllib3.connectionpool:Starting new HTTPS connection (1): api.chess.com
DEBUG:urllib3.connectionpool:https://api.chess.com:443 "GET /pub/player/alexander30/games/2020/9/pgn HTTP/1.1" 200 164331
DEBUG:root:Adding to file...
DEBUG:root:... done
INFO:root:Downloading games for date: 2020/10
DEBUG:urllib3.connectionpool:Starting new HTTPS connection (1): api.chess.com
DEBUG:urllib3.connectionpool:https://api.chess.com:443 "GET /pub/player/alexander30/games/2020/10/pgn HTTP/1.1" 200 83474
DEBUG:root:Adding to file...
DEBUG:root:... done
INFO:root:Downloading games for date: 2020/11
DEBUG:urllib3.connectionpool:Starting new HTTPS connection (1): api.chess.com
DEBUG:urllib3.connectionpool:https://api.chess.com:443 "GET /pub/player/alexander30/games/2020/11/pgn HTTP/1.1" 200 85321
DEBUG:root:Adding to file...
DEBUG:root:... done
INFO:root:Downloading games for date: 2020/12
DEBUG:urllib3.connectionpool:Starting new HTTPS connection (1): api.chess.com
DEBUG:urllib3.connectionpool:https://api.chess.com:443 "GET /pub/player/alexander30/games/2020/12/pgn HTTP/1.1" 200 413407
DEBUG:root:Adding to file...
DEBUG:root:... done
INFO:root:Downloading games for date: 2021/1
DEBUG:urllib3.connectionpool:Starting new HTTPS connection (1): api.chess.com
DEBUG:urllib3.connectionpool:https://api.chess.com:443 "GET /pub/player/alexander30/games/2021/1/pgn HTTP/1.1" 200 665890
DEBUG:root:Adding to file...
DEBUG:root:... done
INFO:root:Downloading games for date: 2021/2
DEBUG:urllib3.connectionpool:Starting new HTTPS connection (1): api.chess.com
DEBUG:urllib3.connectionpool:https://api.chess.com:443 "GET /pub/player/alexander30/games/2021/2/pgn HTTP/1.1" 200 726540
DEBUG:root:Adding to file...
DEBUG:root:... done
